<?xml version="1.0" encoding="UTF-8"?>
<!-- Generated by org.testng.reporters.JUnitXMLReporter -->
<testsuite ignored="0" hostname="DESKTOP-H1FD7QU" failures="0" tests="6" name="Default test" time="29.318" errors="0" timestamp="2024-01-23T06:05:01 IST">
  <testcase classname="TestCase.TC_HomePage_Test_001" name="homePage" time="0.204"/>
  <testcase classname="TestCase.TC_HomePage_Test_001" name="navigateToBusinessIntelligence" time="0.307"/>
  <testcase classname="TestCase.TC_HomePage_Test_001" name="checkingRequiredfieldValidation" time="6.803"/>
  <testcase classname="TestCase.TC_HomePage_Test_001" name="fillTheForm" time="1.283"/>
  <testcase classname="TestCase.TC_HomePage_Test_001" name="validatingErrorTextOfSignin" time="10.662"/>
  <testcase classname="TestCase.TC_HomePage_Test_001" name="loginWithIvalidCredential" time="1.249"/>
</testsuite> <!-- Default test -->
